<?xml version="1.0" encoding="UTF-8"?>
<robot generator="Robot 4.1.1 (Python 3.9.5 on darwin)" generated="20211006 13:49:11.285" rpa="false" schemaversion="2">
<suite id="s1" name="Test" source="/Users/Satu/chess_buddies/robot/test_cases/test.robot">
<test id="s1-t1" name="Log TESTING To Console">
<kw name="Log To Console" library="BuiltIn">
<arg>TESTING</arg>
<doc>Logs the given message to the console.</doc>
<status status="PASS" starttime="20211006 13:49:11.532" endtime="20211006 13:49:11.532"/>
</kw>
<status status="PASS" starttime="20211006 13:49:11.531" endtime="20211006 13:49:11.532"/>
</test>
<status status="PASS" starttime="20211006 13:49:11.287" endtime="20211006 13:49:11.533"/>
</suite>
<statistics>
<total>
<stat pass="1" fail="0" skip="0">All Tests</stat>
</total>
<tag>
</tag>
<suite>
<stat pass="1" fail="0" skip="0" id="s1" name="Test">Test</stat>
</suite>
</statistics>
<errors>
</errors>
</robot>
